File/Folder C:\xampp\htdocs\sharepoint-sdk-example-main\src\LocalDrive/ Moved Failed on Local Directory at: C:\xampp\htdocs\sharepoint-sdk-example-main\src\LocalDrive//LocalDrive
2023-10-28 12:31:27.
File/Folder C:\xampp\htdocs\sharepoint-sdk-example-main\src\LocalDrive/ Moved Failed on Local Directory at: C:\xampp\htdocs\sharepoint-sdk-example-main\src\LocalDrive//LocalDrive
2023-10-28 12:35:01.
Failed to Move File/Folder C:\xampp\htdocs\sharepoint-sdk-example-main\src\LocalDrive/ on Local Directory at: C:\xampp\htdocs\sharepoint-sdk-example-main\src\LocalDrive//LocalDrive
28-10-2023 01:35:01 PM.
Error: cURL error 28: Connection timed out after 10002 milliseconds (see https://curl.haxx.se/libcurl/c/libcurl-errors.html) for https://graph.microsoft.com/v1.0/drives/b!A1_K8Zkwa0ikSugI16DH_QsyIfJNq29CitDnlep5wSHMwdDaHNGUT4EBC7A1ches/root/delta(token='NDslMjM0OyUyMzE7MztkYWQwYzFjYy1kMTFjLTRmOTQtODEwMS0wYmIwMzU3MjE3YWM7NjM4MzQwNzg5NjA2MDAwMDAwOzIxMjI5OTIxNDslMjM7JTIzOyUyMzA7JTIz')28-10-2023 01:37:38 PM.
Failed to Move File/Folder C:\xampp\htdocs\sharepoint-sdk-example-main\src\LocalDrive/ on Local Directory at: C:\xampp\htdocs\sharepoint-sdk-example-main\src\LocalDrive//LocalDrive
28-10-2023 01:40:39 PM.
Failed to Move File/Folder C:\xampp\htdocs\sharepoint-sdk-example-main\src\LocalDrive/ on Local Directory at: C:\xampp\htdocs\sharepoint-sdk-example-main\src\LocalDrive//LocalDrive
28-10-2023 01:43:07 PM.
Failed to Move File/Folder C:\xampp\htdocs\sharepoint-sdk-example-main\src\LocalDrive/ on Local Directory at: C:\xampp\htdocs\sharepoint-sdk-example-main\src\LocalDrive//LocalDrive
28-10-2023 01:46:11 PM.
Failed to Move File/Folder C:\xampp\htdocs\sharepoint-sdk-example-main\src\LocalDrive/ on Local Directory at: C:\xampp\htdocs\sharepoint-sdk-example-main\src\LocalDrive//LocalDrive
28-10-2023 01:48:35 PM.
Failed to Move File/Folder C:\xampp\htdocs\sharepoint-sdk-example-main\src\LocalDrive/ on Local Directory at: C:\xampp\htdocs\sharepoint-sdk-example-main\src\LocalDrive//LocalDrive
28-10-2023 01:51:36 PM.
Failed to Move File/Folder C:\xampp\htdocs\sharepoint-sdk-example-main\src\LocalDrive/ on Local Directory at: C:\xampp\htdocs\sharepoint-sdk-example-main\src\LocalDrive//LocalDrive
28-10-2023 01:59:24 PM.
Failed to Move File/Folder C:\xampp\htdocs\sharepoint-sdk-example-main\src\LocalDrive/ on Local Directory at: C:\xampp\htdocs\sharepoint-sdk-example-main\src\LocalDrive//LocalDrive
28-10-2023 02:01:29 PM.
Failed to Move File/Folder C:\xampp\htdocs\sharepoint-sdk-example-main\src\LocalDrive/ on Local Directory at: C:\xampp\htdocs\sharepoint-sdk-example-main\src\LocalDrive//LocalDrive
28-10-2023 02:03:39 PM.
Failed to Move File/Folder C:\xampp\htdocs\sharepoint-sdk-example-main\src\LocalDrive/ on Local Directory at: C:\xampp\htdocs\sharepoint-sdk-example-main\src\LocalDrive//LocalDrive
28-10-2023 02:06:39 PM.
Item already exists at: C:\xampp\htdocs\sharepoint-sdk-example-main\src/../src/LocalDrive//aaqaq
28-10-2023 08:54:18 PM.
Local file/directory not found at: C:\xampp\htdocs\sharepoint-sdk-example-main\src\LocalDrive/aaqaq/csxcd
28-10-2023 08:54:18 PM.
Item already exists at: C:\xampp\htdocs\sharepoint-sdk-example-main\src/../src/LocalDrive//aaqaq
28-10-2023 09:06:00 PM.
Local file/directory not found at: C:\xampp\htdocs\sharepoint-sdk-example-main\src\LocalDrive/aaqaq/ccccc
28-10-2023 09:06:00 PM.
Failed to Move File/Folder C:\xampp\htdocs\sharepoint-sdk-example-main\src\LocalDrive/ on Local Directory at: C:\xampp\htdocs\sharepoint-sdk-example-main\src\LocalDrive//LocalDrive
28-10-2023 09:06:00 PM.
Item already exists at: C:\xampp\htdocs\sharepoint-sdk-example-main\src/../src/LocalDrive//aaqaq
28-10-2023 09:10:11 PM.
Local file/directory not found at: C:\xampp\htdocs\sharepoint-sdk-example-main\src\LocalDrive/aaqaq/ddd
28-10-2023 09:10:11 PM.
Failed to Move File/Folder C:\xampp\htdocs\sharepoint-sdk-example-main\src\LocalDrive/ on Local Directory at: C:\xampp\htdocs\sharepoint-sdk-example-main\src\LocalDrive//LocalDrive
28-10-2023 09:10:11 PM.
Local file/directory not found at: C:\xampp\htdocs\sharepoint-sdk-example-main\src\LocalDrive/ddd
28-10-2023 09:19:18 PM.
Local file/directory not found at: C:\xampp\htdocs\sharepoint-sdk-example-main\src\LocalDrive/csxcd
28-10-2023 09:36:59 PM.
Item already exists at: C:\xampp\htdocs\sharepoint-sdk-example-main\src/../src/LocalDrive//aaqaq
28-10-2023 09:38:57 PM.
Local file/directory not found at: C:\xampp\htdocs\sharepoint-sdk-example-main\src\LocalDrive/aaqaq/iei
28-10-2023 09:38:57 PM.
Local file/directory not found at: C:\xampp\htdocs\sharepoint-sdk-example-main\src\LocalDrive/iei
28-10-2023 09:41:15 PM.
Item already exists at: C:\xampp\htdocs\sharepoint-sdk-example-main\src/../src/LocalDrive//ffmoving4098
28-10-2023 09:53:58 PM.
Item already exists at: C:\xampp\htdocs\sharepoint-sdk-example-main\src/../src/LocalDrive//ffmoving4098
28-10-2023 09:53:58 PM.
Item already exists at: C:\xampp\htdocs\sharepoint-sdk-example-main\src/../src/LocalDrive//ffmoving4098
28-10-2023 09:53:58 PM.
Item already exists at: C:\xampp\htdocs\sharepoint-sdk-example-main\src/../src/LocalDrive//ffmoving4098
28-10-2023 09:53:58 PM.
Item already exists at: C:\xampp\htdocs\sharepoint-sdk-example-main\src/../src/LocalDrive//ffmoving4098
28-10-2023 09:53:58 PM.
Item already exists at: C:\xampp\htdocs\sharepoint-sdk-example-main\src/../src/LocalDrive//ffmoving4098
28-10-2023 09:53:58 PM.
Item already exists at: C:\xampp\htdocs\sharepoint-sdk-example-main\src/../src/LocalDrive//ffmoving4098
28-10-2023 09:53:58 PM.
Item already exists at: C:\xampp\htdocs\sharepoint-sdk-example-main\src/../src/LocalDrive//ffmoving4098
28-10-2023 09:53:58 PM.
Item already exists at: C:\xampp\htdocs\sharepoint-sdk-example-main\src/../src/LocalDrive//ffmoving4098
28-10-2023 09:53:58 PM.
Item already exists at: C:\xampp\htdocs\sharepoint-sdk-example-main\src/../src/LocalDrive//ffmoving4098
28-10-2023 09:53:58 PM.
Item already exists at: C:\xampp\htdocs\sharepoint-sdk-example-main\src/../src/LocalDrive//ffmoving4098
28-10-2023 09:53:58 PM.
Item already exists at: C:\xampp\htdocs\sharepoint-sdk-example-main\src/../src/LocalDrive//ffmoving4098
28-10-2023 09:53:58 PM.
Item already exists at: C:\xampp\htdocs\sharepoint-sdk-example-main\src/../src/LocalDrive//ffmoving4098
28-10-2023 09:53:58 PM.
Item already exists at: C:\xampp\htdocs\sharepoint-sdk-example-main\src/../src/LocalDrive//ffmoving4098
28-10-2023 09:53:58 PM.
Item already exists at: C:\xampp\htdocs\sharepoint-sdk-example-main\src/../src/LocalDrive//ffmoving4098
28-10-2023 09:53:58 PM.
Item already exists at: C:\xampp\htdocs\sharepoint-sdk-example-main\src/../src/LocalDrive//ffmoving4098
28-10-2023 09:53:58 PM.
Item already exists at: C:\xampp\htdocs\sharepoint-sdk-example-main\src/../src/LocalDrive//ffmoving4098
28-10-2023 09:53:58 PM.
Item already exists at: C:\xampp\htdocs\sharepoint-sdk-example-main\src/../src/LocalDrive//ffmoving4098
28-10-2023 09:53:58 PM.
Item already exists at: C:\xampp\htdocs\sharepoint-sdk-example-main\src/../src/LocalDrive//ffmoving4098
28-10-2023 09:53:58 PM.
Item already exists at: C:\xampp\htdocs\sharepoint-sdk-example-main\src/../src/LocalDrive//ffmoving4098
28-10-2023 09:53:58 PM.
Item already exists at: C:\xampp\htdocs\sharepoint-sdk-example-main\src/../src/LocalDrive//ffmoving4098
28-10-2023 09:53:58 PM.
Item already exists at: C:\xampp\htdocs\sharepoint-sdk-example-main\src/../src/LocalDrive//ffmoving4098
28-10-2023 09:53:58 PM.
Item already exists at: C:\xampp\htdocs\sharepoint-sdk-example-main\src/../src/LocalDrive//ffmoving4098
28-10-2023 09:53:58 PM.
Item already exists at: C:\xampp\htdocs\sharepoint-sdk-example-main\src/../src/LocalDrive//ffmoving4098
28-10-2023 09:53:58 PM.
Item already exists at: C:\xampp\htdocs\sharepoint-sdk-example-main\src/../src/LocalDrive//ffmoving4098
28-10-2023 09:53:58 PM.
Item already exists at: C:\xampp\htdocs\sharepoint-sdk-example-main\src/../src/LocalDrive//ffmoving4098
28-10-2023 09:53:58 PM.
Item already exists at: C:\xampp\htdocs\sharepoint-sdk-example-main\src/../src/LocalDrive//ffmoving4098
28-10-2023 09:53:58 PM.
Item already exists at: C:\xampp\htdocs\sharepoint-sdk-example-main\src/../src/LocalDrive//ffmoving4098
28-10-2023 09:53:58 PM.
Item already exists at: C:\xampp\htdocs\sharepoint-sdk-example-main\src/../src/LocalDrive//ffmoving4098
28-10-2023 09:53:58 PM.
Item already exists at: C:\xampp\htdocs\sharepoint-sdk-example-main\src/../src/LocalDrive//ffmoving4098
28-10-2023 09:53:58 PM.
Item already exists at: C:\xampp\htdocs\sharepoint-sdk-example-main\src/../src/LocalDrive//ffmoving4098
28-10-2023 09:53:58 PM.
Item already exists at: C:\xampp\htdocs\sharepoint-sdk-example-main\src/../src/LocalDrive//ffmoving4098
28-10-2023 09:53:58 PM.
Item already exists at: C:\xampp\htdocs\sharepoint-sdk-example-main\src/../src/LocalDrive//ffmoving4098
28-10-2023 09:53:58 PM.
Item already exists at: C:\xampp\htdocs\sharepoint-sdk-example-main\src/../src/LocalDrive//ffmoving4098
28-10-2023 09:53:58 PM.
Item already exists at: C:\xampp\htdocs\sharepoint-sdk-example-main\src/../src/LocalDrive//ffmoving4098
28-10-2023 09:53:58 PM.
Item already exists at: C:\xampp\htdocs\sharepoint-sdk-example-main\src/../src/LocalDrive//ffmoving4098
28-10-2023 09:53:58 PM.
Item already exists at: C:\xampp\htdocs\sharepoint-sdk-example-main\src/../src/LocalDrive//ffmoving4098
28-10-2023 09:53:58 PM.
Item already exists at: C:\xampp\htdocs\sharepoint-sdk-example-main\src/../src/LocalDrive//ffmoving4098
28-10-2023 09:53:58 PM.
Item already exists at: C:\xampp\htdocs\sharepoint-sdk-example-main\src/../src/LocalDrive//ffmoving4098
28-10-2023 09:53:58 PM.
Item already exists at: C:\xampp\htdocs\sharepoint-sdk-example-main\src/../src/LocalDrive//ffmoving4098
28-10-2023 09:53:58 PM.
Item already exists at: C:\xampp\htdocs\sharepoint-sdk-example-main\src/../src/LocalDrive//ffmoving4098
28-10-2023 09:53:58 PM.
Item already exists at: C:\xampp\htdocs\sharepoint-sdk-example-main\src/../src/LocalDrive//ffmoving4098
28-10-2023 09:53:58 PM.
Item already exists at: C:\xampp\htdocs\sharepoint-sdk-example-main\src/../src/LocalDrive//ffmoving4098
28-10-2023 09:53:58 PM.
Item already exists at: C:\xampp\htdocs\sharepoint-sdk-example-main\src/../src/LocalDrive//ffmoving4098
28-10-2023 09:53:58 PM.
Item already exists at: C:\xampp\htdocs\sharepoint-sdk-example-main\src/../src/LocalDrive//aaqaq
28-10-2023 09:53:58 PM.
Item already exists at: C:\xampp\htdocs\sharepoint-sdk-example-main\src/../src/LocalDrive//aaqaq
28-10-2023 09:53:58 PM.
Item already exists at: C:\xampp\htdocs\sharepoint-sdk-example-main\src/../src/LocalDrive//aaqaq
28-10-2023 09:53:58 PM.
Item already exists at: C:\xampp\htdocs\sharepoint-sdk-example-main\src/../src/LocalDrive//aaqaq
28-10-2023 09:53:58 PM.
Item already exists at: C:\xampp\htdocs\sharepoint-sdk-example-main\src/../src/LocalDrive//aaqaq
28-10-2023 09:53:58 PM.
Item already exists at: C:\xampp\htdocs\sharepoint-sdk-example-main\src/../src/LocalDrive//aaqaq
28-10-2023 09:53:58 PM.
Item already exists at: C:\xampp\htdocs\sharepoint-sdk-example-main\src/../src/LocalDrive//aaqaq
28-10-2023 09:53:58 PM.
Item already exists at: C:\xampp\htdocs\sharepoint-sdk-example-main\src/../src/LocalDrive//aaqaq
28-10-2023 09:53:58 PM.
Item already exists at: C:\xampp\htdocs\sharepoint-sdk-example-main\src/../src/LocalDrive//aaqaq
28-10-2023 09:53:58 PM.
Item already exists at: C:\xampp\htdocs\sharepoint-sdk-example-main\src/../src/LocalDrive//aaqaq
28-10-2023 09:53:58 PM.
Item already exists at: C:\xampp\htdocs\sharepoint-sdk-example-main\src/../src/LocalDrive//aaqaq
28-10-2023 09:53:58 PM.
Item already exists at: C:\xampp\htdocs\sharepoint-sdk-example-main\src/../src/LocalDrive//aaqaq
28-10-2023 09:53:58 PM.
Item already exists at: C:\xampp\htdocs\sharepoint-sdk-example-main\src/../src/LocalDrive//aaqaq
28-10-2023 09:53:58 PM.
Item already exists at: C:\xampp\htdocs\sharepoint-sdk-example-main\src/../src/LocalDrive//aaqaq
28-10-2023 09:53:58 PM.
Item already exists at: C:\xampp\htdocs\sharepoint-sdk-example-main\src/../src/LocalDrive//aaqaq
28-10-2023 09:53:58 PM.
Item already exists at: C:\xampp\htdocs\sharepoint-sdk-example-main\src/../src/LocalDrive//aaqaq
28-10-2023 09:53:58 PM.
Item already exists at: C:\xampp\htdocs\sharepoint-sdk-example-main\src/../src/LocalDrive//aaqaq
28-10-2023 09:53:58 PM.
Item already exists at: C:\xampp\htdocs\sharepoint-sdk-example-main\src/../src/LocalDrive//aaqaq
28-10-2023 09:53:58 PM.
Item already exists at: C:\xampp\htdocs\sharepoint-sdk-example-main\src/../src/LocalDrive//aaqaq
28-10-2023 09:53:58 PM.
Item already exists at: C:\xampp\htdocs\sharepoint-sdk-example-main\src/../src/LocalDrive//aaqaq
28-10-2023 09:53:58 PM.
Item already exists at: C:\xampp\htdocs\sharepoint-sdk-example-main\src/../src/LocalDrive//aaqaq
28-10-2023 09:53:58 PM.
Item already exists at: C:\xampp\htdocs\sharepoint-sdk-example-main\src/../src/LocalDrive//aaqaq
28-10-2023 09:53:58 PM.
Item already exists at: C:\xampp\htdocs\sharepoint-sdk-example-main\src/../src/LocalDrive//aaqaq
28-10-2023 09:53:58 PM.
Item already exists at: C:\xampp\htdocs\sharepoint-sdk-example-main\src/../src/LocalDrive//aaqaq
28-10-2023 09:53:58 PM.
Item already exists at: C:\xampp\htdocs\sharepoint-sdk-example-main\src/../src/LocalDrive//aaqaq
28-10-2023 09:53:58 PM.
Item already exists at: C:\xampp\htdocs\sharepoint-sdk-example-main\src/../src/LocalDrive//aaqaq
28-10-2023 09:53:58 PM.
Item already exists at: C:\xampp\htdocs\sharepoint-sdk-example-main\src/../src/LocalDrive//aaqaq
28-10-2023 09:53:58 PM.
Item already exists at: C:\xampp\htdocs\sharepoint-sdk-example-main\src/../src/LocalDrive//aaqaq
28-10-2023 09:53:58 PM.
Item already exists at: C:\xampp\htdocs\sharepoint-sdk-example-main\src/../src/LocalDrive//aaqaq
28-10-2023 09:53:58 PM.
Item already exists at: C:\xampp\htdocs\sharepoint-sdk-example-main\src/../src/LocalDrive//aaqaq
28-10-2023 09:53:58 PM.
Item already exists at: C:\xampp\htdocs\sharepoint-sdk-example-main\src/../src/LocalDrive//aaqaq
28-10-2023 09:53:58 PM.
Item already exists at: C:\xampp\htdocs\sharepoint-sdk-example-main\src/../src/LocalDrive//aaqaq
28-10-2023 09:53:58 PM.
Item already exists at: C:\xampp\htdocs\sharepoint-sdk-example-main\src/../src/LocalDrive//aaqaq
28-10-2023 09:53:58 PM.
Item already exists at: C:\xampp\htdocs\sharepoint-sdk-example-main\src/../src/LocalDrive//aaqaq
28-10-2023 09:53:58 PM.
Item already exists at: C:\xampp\htdocs\sharepoint-sdk-example-main\src/../src/LocalDrive//aaqaq
28-10-2023 09:53:58 PM.
Item already exists at: C:\xampp\htdocs\sharepoint-sdk-example-main\src/../src/LocalDrive//aaqaq
28-10-2023 09:53:58 PM.
Item already exists at: C:\xampp\htdocs\sharepoint-sdk-example-main\src/../src/LocalDrive//aaqaq
28-10-2023 09:53:58 PM.
Item already exists at: C:\xampp\htdocs\sharepoint-sdk-example-main\src/../src/LocalDrive//aaqaq
28-10-2023 09:53:58 PM.
Item already exists at: C:\xampp\htdocs\sharepoint-sdk-example-main\src/../src/LocalDrive//aaqaq
28-10-2023 09:53:58 PM.
Item already exists at: C:\xampp\htdocs\sharepoint-sdk-example-main\src/../src/LocalDrive//aaqaq
28-10-2023 09:53:58 PM.
Item already exists at: C:\xampp\htdocs\sharepoint-sdk-example-main\src/../src/LocalDrive//aaqaq
28-10-2023 09:53:58 PM.
Item already exists at: C:\xampp\htdocs\sharepoint-sdk-example-main\src/../src/LocalDrive//aaqaq
28-10-2023 09:53:58 PM.
Item already exists at: C:\xampp\htdocs\sharepoint-sdk-example-main\src/../src/LocalDrive//aaqaq
28-10-2023 09:53:58 PM.
Item already exists at: C:\xampp\htdocs\sharepoint-sdk-example-main\src/../src/LocalDrive//aaqaq
28-10-2023 09:53:58 PM.
Local file/directory not found at: C:\xampp\htdocs\sharepoint-sdk-example-main\src\LocalDrive/aaqaq/ddd
28-10-2023 09:53:58 PM.
Item already exists at: C:\xampp\htdocs\sharepoint-sdk-example-main\src/../src/LocalDrive//aaqaq
28-10-2023 10:03:46 PM.
Local file/directory not found at: C:\xampp\htdocs\sharepoint-sdk-example-main\src\LocalDrive/aaqaq/csxcd
28-10-2023 10:03:46 PM.
Failed to Move File/Folder C:\xampp\htdocs\sharepoint-sdk-example-main\src\LocalDrive//ffmoving4098 on Local Directory at: C:\xampp\htdocs\sharepoint-sdk-example-main\src\LocalDrive//ffmoving4098
28-10-2023 10:03:46 PM.
Item already exists at: C:\xampp\htdocs\sharepoint-sdk-example-main\src/../src/LocalDrive//aaqaq
28-10-2023 10:14:30 PM.
Item already exists at: C:\xampp\htdocs\sharepoint-sdk-example-main\src/../src/LocalDrive//aaqaq
28-10-2023 10:17:17 PM.
Failed to Create the file at: C:\xampp\htdocs\sharepoint-sdk-example-main\src/../src/LocalDrive/
28-10-2023 10:19:21 PM.
Failed to Move File/Folder C:\xampp\htdocs\sharepoint-sdk-example-main\src\LocalDrive/ on Local Directory at: C:\xampp\htdocs\sharepoint-sdk-example-main\src\LocalDrive//LocalDrive
28-10-2023 10:19:21 PM.
Failed to Create the file at: C:\xampp\htdocs\sharepoint-sdk-example-main\src/../src/LocalDrive/
28-10-2023 10:22:18 PM.
Failed to Move File/Folder C:\xampp\htdocs\sharepoint-sdk-example-main\src\LocalDrive/ on Local Directory at: C:\xampp\htdocs\sharepoint-sdk-example-main\src\LocalDrive//LocalDrive
28-10-2023 10:22:18 PM.
Item already exists at: C:\xampp\htdocs\sharepoint-sdk-example-main\src/../src/LocalDrive/
28-10-2023 10:24:31 PM.
Failed to Move File/Folder C:\xampp\htdocs\sharepoint-sdk-example-main\src\LocalDrive/ on Local Directory at: C:\xampp\htdocs\sharepoint-sdk-example-main\src\LocalDrive//LocalDrive
28-10-2023 10:24:31 PM.
Item already exists at: C:\xampp\htdocs\sharepoint-sdk-example-main\src/../src/LocalDrive/
28-10-2023 10:26:27 PM.
Failed to Move File/Folder C:\xampp\htdocs\sharepoint-sdk-example-main\src\LocalDrive/ on Local Directory at: C:\xampp\htdocs\sharepoint-sdk-example-main\src\LocalDrive//LocalDrive
28-10-2023 10:26:27 PM.
Item already exists at: C:\xampp\htdocs\sharepoint-sdk-example-main\src/../src/LocalDrive/
28-10-2023 10:31:30 PM.
Item already exists at: C:\xampp\htdocs\sharepoint-sdk-example-main\src/../src/LocalDrive/
28-10-2023 10:32:57 PM.
Item already exists at: C:\xampp\htdocs\sharepoint-sdk-example-main\src/../src/LocalDrive/
28-10-2023 10:33:58 PM.
Failed to Create the file at: C:\xampp\htdocs\sharepoint-sdk-example-main\src/../src/LocalDrive/
28-10-2023 10:34:01 PM.
Failed to Create the file at: C:\xampp\htdocs\sharepoint-sdk-example-main\src/../src/LocalDrive/
28-10-2023 10:36:07 PM.
Item already exists at: C:\xampp\htdocs\sharepoint-sdk-example-main\src/../src/LocalDrive/
28-10-2023 10:39:17 PM.
Item already exists at: C:\xampp\htdocs\sharepoint-sdk-example-main\src/../src/LocalDrive/
28-10-2023 10:39:17 PM.
Item already exists at: C:\xampp\htdocs\sharepoint-sdk-example-main\src/../src/LocalDrive/
28-10-2023 10:48:51 PM.
Item already exists at: C:\xampp\htdocs\sharepoint-sdk-example-main\src/../src/LocalDrive/
28-10-2023 10:48:51 PM.
Item already exists at: C:\xampp\htdocs\sharepoint-sdk-example-main\src/../src/LocalDrive/
28-10-2023 10:49:27 PM.
Item already exists at: C:\xampp\htdocs\sharepoint-sdk-example-main\src/../src/LocalDrive/
28-10-2023 10:51:37 PM.
Item already exists at: C:\xampp\htdocs\sharepoint-sdk-example-main\src/../src/LocalDrive//New%20Text%20Documentewewe.txt
28-10-2023 10:54:25 PM.
Item already exists at: C:\xampp\htdocs\sharepoint-sdk-example-main\src/../src/LocalDrive/
30-10-2023 11:47:53 AM.
Item already exists at: C:\xampp\htdocs\sharepoint-sdk-example-main\src/../src/LocalDrive/
30-10-2023 11:48:34 AM.
Item already exists at: C:\xampp\htdocs\sharepoint-sdk-example-main\src/../src/LocalDrive/
30-10-2023 11:50:45 AM.
Item already exists at: C:\xampp\htdocs\sharepoint-sdk-example-main\src/../src/LocalDrive/
30-10-2023 11:52:10 AM.
Failed to Create the file at: C:\xampp\htdocs\sharepoint-sdk-example-main\src/../src/LocalDrive/
30-10-2023 11:52:13 AM.
Item already exists at: C:\xampp\htdocs\sharepoint-sdk-example-main\src/../src/LocalDrive/
30-10-2023 12:10:22 PM.
Item already exists at: C:\xampp\htdocs\sharepoint-sdk-example-main\src/../src/LocalDrive/
30-10-2023 12:16:06 PM.
Item already exists at: C:\xampp\htdocs\sharepoint-sdk-example-main\src/../src/LocalDrive/
30-10-2023 12:16:45 PM.
Item already exists at: C:\xampp\htdocs\sharepoint-sdk-example-main\src/../src/LocalDrive/
30-10-2023 12:17:28 PM.
Failed to Create the file at: C:\xampp\htdocs\sharepoint-sdk-example-main\src/../src/LocalDrive/
30-10-2023 12:17:31 PM.
Failed to Create the file at: C:\xampp\htdocs\sharepoint-sdk-example-main\src/../src/LocalDrive/
30-10-2023 12:25:20 PM.
Item already exists at: C:\xampp\htdocs\sharepoint-sdk-example-main\src/../src/LocalDrive//Folder_Test_123
30-10-2023 12:55:37 PM.
Item already exists at: C:\xampp\htdocs\sharepoint-sdk-example-main\src/../src/LocalDrive//Folder_Test_123
30-10-2023 12:56:45 PM.
Item already exists at: C:\xampp\htdocs\sharepoint-sdk-example-main\src/../src/LocalDrive//Folder_Test_123
30-10-2023 12:57:14 PM.
Item already exists at: C:\xampp\htdocs\sharepoint-sdk-example-main\src/../src/LocalDrive//Folder_Test_123
30-10-2023 12:57:46 PM.
Item already exists at: C:\xampp\htdocs\sharepoint-sdk-example-main\src/../src/LocalDrive//Folder_Test_123
30-10-2023 01:01:21 PM.
Item already exists at: C:\xampp\htdocs\sharepoint-sdk-example-main\src/../src/LocalDrive//Folder_Test_123
30-10-2023 01:13:54 PM.
Item already exists at: C:\xampp\htdocs\sharepoint-sdk-example-main\src/../src/LocalDrive//Folder_Test_123/Date%20Sheet.png
30-10-2023 01:13:54 PM.
Item already exists at: C:\xampp\htdocs\sharepoint-sdk-example-main\src/../src/LocalDrive/
30-10-2023 01:14:43 PM.
Item already exists at: C:\xampp\htdocs\sharepoint-sdk-example-main\src/../src/LocalDrive/
30-10-2023 01:16:25 PM.
Item already exists at: C:\xampp\htdocs\sharepoint-sdk-example-main\src/../src/LocalDrive/
30-10-2023 01:16:58 PM.
Item already exists at: C:\xampp\htdocs\sharepoint-sdk-example-main\src/../src/LocalDrive/
30-10-2023 01:22:05 PM.
Item already exists at: C:\xampp\htdocs\sharepoint-sdk-example-main\src/../src/LocalDrive/
30-10-2023 01:56:29 PM.
Item already exists at: C:\xampp\htdocs\sharepoint-sdk-example-main\src/../src/LocalDrive/
30-10-2023 01:57:43 PM.
Item already exists at: C:\xampp\htdocs\sharepoint-sdk-example-main\src/../src/LocalDrive//aaqaq
30-10-2023 02:40:19 PM.
Item already exists at: C:\xampp\htdocs\sharepoint-sdk-example-main\src/../src/LocalDrive//aaqaq
30-10-2023 05:13:57 PM.
Item already exists at: C:\xampp\htdocs\sharepoint-sdk-example-main\src/../src/LocalDrive//aaqaq
30-10-2023 05:13:57 PM.
Item already exists at: C:\xampp\htdocs\sharepoint-sdk-example-main\src/../src/LocalDrive/
30-10-2023 05:13:57 PM.
Error: Unauthorized (401) Response: {"error":{"code":"InvalidAuthenticationToken","message":"Access token has expired or is not yet valid.","innerError":{"date":"2023-10-30T14:57:51","request-id":"f3280f9e-f830-4e91-97e2-c8445717478f","30-10-2023 07:57:52 PM.
Error: Unauthorized (401) Response: {"error":{"code":"InvalidAuthenticationToken","message":"Access token has expired or is not yet valid.","innerError":{"date":"2023-10-30T14:58:36","request-id":"4637f2cd-51bc-437b-88cb-af0da37b85fc","30-10-2023 07:58:36 PM.
Error: Unauthorized (401) Response: {"error":{"code":"InvalidAuthenticationToken","message":"Access token has expired or is not yet valid.","innerError":{"date":"2023-10-30T14:58:53","request-id":"ef9a775b-4100-441b-880c-d6e71b4bd6c7","30-10-2023 07:58:53 PM.
Item already exists at: C:\xampp\htdocs\sharepoint-sdk-example-main\src/../src/LocalDrive//Document9.docx
30-10-2023 08:33:08 PM.
Item already exists at: C:\xampp\htdocs\sharepoint-sdk-example-main\src/../src/LocalDrive//aaqaq/Document1.docx
30-10-2023 08:36:11 PM.
Item already exists at: C:\xampp\htdocs\sharepoint-sdk-example-main\src/../src/LocalDrive//Book1.xlsx
30-10-2023 11:11:11 PM.
Item already exists at: C:\xampp\htdocs\sharepoint-sdk-example-main\src/../src/LocalDrive//Presentation.pptx
30-10-2023 11:11:11 PM.
Item already exists at: C:\xampp\htdocs\sharepoint-sdk-example-main\src/../src/LocalDrive/
30-10-2023 11:11:11 PM.
Item already exists at: C:\xampp\htdocs\sharepoint-sdk-example-main\src/../src/LocalDrive/
30-10-2023 11:11:11 PM.
Failed to Create the file at: C:\xampp\htdocs\sharepoint-sdk-example-main\src/../src/LocalDrive/
30-10-2023 11:13:54 PM.
Failed to Create the file at: C:\xampp\htdocs\sharepoint-sdk-example-main\src/../src/LocalDrive/
30-10-2023 11:13:56 PM.
Failed to Create the file at: C:\xampp\htdocs\sharepoint-sdk-example-main\src/../src/LocalDrive/
30-10-2023 11:13:58 PM.
Failed to Move File/Folder C:\xampp\htdocs\sharepoint-sdk-example-main\src\LocalDrive/ on Local Directory at: C:\xampp\htdocs\sharepoint-sdk-example-main\src\LocalDrive//LocalDrive
30-10-2023 11:26:27 PM.
Item already exists at: C:\xampp\htdocs\sharepoint-sdk-example-main\src/../src/LocalDrive//Document12.docx
30-10-2023 11:28:56 PM.
Failed to Move File/Folder C:\xampp\htdocs\sharepoint-sdk-example-main\src\LocalDrive/ on Local Directory at: C:\xampp\htdocs\sharepoint-sdk-example-main\src\LocalDrive//LocalDrive
30-10-2023 11:29:53 PM.
Item already exists at: C:\xampp\htdocs\sharepoint-sdk-example-main\src/../src/LocalDrive//Document11.docx
30-10-2023 11:30:50 PM.
Failed to Create the file at: C:\xampp\htdocs\sharepoint-sdk-example-main\src/../src/LocalDrive/
30-10-2023 11:48:54 PM.
Failed to Create the file at: C:\xampp\htdocs\sharepoint-sdk-example-main\src/../src/LocalDrive/
30-10-2023 11:50:24 PM.
Failed to Create the file at: C:\xampp\htdocs\sharepoint-sdk-example-main\src/../src/LocalDrive/
31-10-2023 12:05:39 AM.
Failed to Create the file at: C:\xampp\htdocs\sharepoint-sdk-example-main\src/../src/LocalDrive/
31-10-2023 12:15:02 AM.
Item already exists at: C:\xampp\htdocs\sharepoint-sdk-example-main\src/../src/LocalDrive//Document20.docx
31-10-2023 12:17:01 AM.
Failed to Move File/Folder C:\xampp\htdocs\sharepoint-sdk-example-main\src\LocalDrive/ on Local Directory at: C:\xampp\htdocs\sharepoint-sdk-example-main\src\LocalDrive//LocalDrive
31-10-2023 12:18:15 AM.
Item already exists at: C:\xampp\htdocs\sharepoint-sdk-example-main\src/../src/LocalDrive/
31-10-2023 12:20:56 AM.
Failed to Move File/Folder C:\xampp\htdocs\sharepoint-sdk-example-main\src\LocalDrive//12345 on Local Directory at: C:\xampp\htdocs\sharepoint-sdk-example-main\src\LocalDrive//12345
31-10-2023 12:05:35 PM.
Item already exists at: C:\xampp\htdocs\sharepoint-sdk-example-main\src/../src/LocalDrive//Document21.docx
31-10-2023 12:08:14 PM.
Item already exists at: C:\xampp\htdocs\sharepoint-sdk-example-main\src/../src/LocalDrive//Document21.docx
31-10-2023 12:15:06 PM.
Item already exists at: C:\xampp\htdocs\sharepoint-sdk-example-main\src/../src/LocalDrive//Book4.xlsx
31-10-2023 12:21:03 PM.
Item already exists at: C:\xampp\htdocs\sharepoint-sdk-example-main\src/../src/LocalDrive//f12
31-10-2023 12:22:26 PM.
Item already exists at: C:\xampp\htdocs\sharepoint-sdk-example-main\src/../src/LocalDrive//f12
31-10-2023 12:24:20 PM.
Item already exists at: C:\xampp\htdocs\sharepoint-sdk-example-main\src/../src/LocalDrive//Presentation3.pptx
31-10-2023 12:34:17 PM.
Failed to Move File/Folder C:\xampp\htdocs\sharepoint-sdk-example-main\src\LocalDrive//12345rename/Fnew12.txt on Local Directory at: C:\xampp\htdocs\sharepoint-sdk-example-main\src\LocalDrive//12345rename/Fnew12.txt
31-10-2023 12:34:20 PM.
Item already exists at: C:\xampp\htdocs\sharepoint-sdk-example-main\src/../src/LocalDrive//Document20.docx
31-10-2023 01:02:17 PM.
Item already exists at: C:\xampp\htdocs\sharepoint-sdk-example-main\src/../src/LocalDrive//Document22.docx
31-10-2023 01:02:17 PM.
Item already exists at: C:\xampp\htdocs\sharepoint-sdk-example-main\src/../src/LocalDrive//Document22.docx
31-10-2023 01:02:57 PM.
Item already exists at: C:\xampp\htdocs\sharepoint-sdk-example-main\src/../src/LocalDrive//f12
31-10-2023 01:05:50 PM.
Item already exists at: C:\xampp\htdocs\sharepoint-sdk-example-main\src/../src/LocalDrive//f12
31-10-2023 01:12:58 PM.
Failed to Create the file at: C:\xampp\htdocs\sharepoint-sdk-example-main\src/../src/LocalDrive/
31-10-2023 01:48:09 PM.
Item already exists at: C:\xampp\htdocs\sharepoint-sdk-example-main\src/../src/LocalDrive/
31-10-2023 02:51:34 PM.
Failed to Create the file at: C:\xampp\htdocs\sharepoint-sdk-example-main\src/../src/LocalDrive/
31-10-2023 02:52:59 PM.
Failed to Create the file at: C:\xampp\htdocs\sharepoint-sdk-example-main\src/../src/LocalDrive//Document1.docx
31-10-2023 02:53:00 PM.
Item already exists at: C:\xampp\htdocs\sharepoint-sdk-example-main\src/../src/LocalDrive/
31-10-2023 03:04:16 PM.
Failed to Create the file at: C:\xampp\htdocs\sharepoint-sdk-example-main\src/../src/LocalDrive//Book.xlsx
31-10-2023 04:54:51 PM.
Item already exists at: C:\xampp\htdocs\sharepoint-sdk-example-main\src/../src/LocalDrive//Book1re.xlsx
31-10-2023 05:16:42 PM.
Item already exists at: C:\xampp\htdocs\sharepoint-sdk-example-main\src/../src/LocalDrive//Book1.xlsx
31-10-2023 05:23:50 PM.
Item already exists at: C:\xampp\htdocs\sharepoint-sdk-example-main\src/../src/LocalDrive//TestFolder12
31-10-2023 05:25:14 PM.
Item already exists at: C:\xampp\htdocs\sharepoint-sdk-example-main\src/../src/LocalDrive//Document3.docx
31-10-2023 05:56:52 PM.
Item already exists at: C:\xampp\htdocs\sharepoint-sdk-example-main\src/../src/LocalDrive//Document3ren.docx
31-10-2023 05:57:21 PM.
Item already exists at: C:\xampp\htdocs\sharepoint-sdk-example-main\src/../src/LocalDrive//foldertest12
31-10-2023 06:00:41 PM.
Item already exists at: C:\xampp\htdocs\sharepoint-sdk-example-main\src/../src/LocalDrive//foldertest12
31-10-2023 06:01:34 PM.
Item already exists at: C:\xampp\htdocs\sharepoint-sdk-example-main\src/../src/LocalDrive//foldertest12/Home Help System Final (191707).docx
31-10-2023 06:01:34 PM.
Item already exists at: C:\xampp\htdocs\sharepoint-sdk-example-main\src/../src/LocalDrive//foldertest12
31-10-2023 06:02:12 PM.
Item already exists at: C:\xampp\htdocs\sharepoint-sdk-example-main\src/../src/LocalDrive//foldertest12/SharePoint.xlsx
31-10-2023 06:02:12 PM.
Item already exists at: C:\xampp\htdocs\sharepoint-sdk-example-main\src/../src/LocalDrive//foldertest12
31-10-2023 06:03:08 PM.
Item already exists at: C:\xampp\htdocs\sharepoint-sdk-example-main\src/../src/LocalDrive//foldertest12/SharePointRen.xlsx
31-10-2023 06:03:11 PM.
Item already exists at: C:\xampp\htdocs\sharepoint-sdk-example-main\src/../src/LocalDrive//foldertest12
31-10-2023 06:03:34 PM.
Item already exists at: C:\xampp\htdocs\sharepoint-sdk-example-main\src/../src/LocalDrive//foldertest12/Home Help System Final (191707)ree.docx
31-10-2023 06:03:37 PM.
Item already exists at: C:\xampp\htdocs\sharepoint-sdk-example-main\src/../src/LocalDrive//Test12.docx
31-10-2023 06:07:30 PM.
Item already exists at: C:\xampp\htdocs\sharepoint-sdk-example-main\src/../src/LocalDrive//Test12.xlsx
31-10-2023 06:07:30 PM.
Item already exists at: C:\xampp\htdocs\sharepoint-sdk-example-main\src/../src/LocalDrive//Test12.pptx
31-10-2023 06:07:30 PM.
Item already exists at: C:\xampp\htdocs\sharepoint-sdk-example-main\src/../src/LocalDrive//Android Google Map 3Rename.docx
31-10-2023 06:08:30 PM.
Item already exists at: C:\xampp\htdocs\sharepoint-sdk-example-main\src/../src/LocalDrive//10-11_July_VernabiltiesRename.xlsx
31-10-2023 06:08:30 PM.
Item already exists at: C:\xampp\htdocs\sharepoint-sdk-example-main\src/../src/LocalDrive//Test12.docx
31-10-2023 06:10:16 PM.
Item already exists at: C:\xampp\htdocs\sharepoint-sdk-example-main\src/../src/LocalDrive//Test12.pptx
31-10-2023 06:12:45 PM.
Failed to Move File/Folder C:\xampp\htdocs\sharepoint-sdk-example-main\src\LocalDrive//foldertest12Reenam/Test12.xlsx on Local Directory at: C:\xampp\htdocs\sharepoint-sdk-example-main\src\LocalDrive//foldertest12Reenam/Test12.xlsx
31-10-2023 06:51:23 PM.
Failed to Move File/Folder C:\xampp\htdocs\sharepoint-sdk-example-main\src\LocalDrive/Document3ren.docx on Local Directory at: C:\xampp\htdocs\sharepoint-sdk-example-main\src\LocalDrive//Document3ren.docx
31-10-2023 06:54:59 PM.
Failed to Move File/Folder C:\xampp\htdocs\sharepoint-sdk-example-main\src\LocalDrive/SharePointRen.xlsx on Local Directory at: C:\xampp\htdocs\sharepoint-sdk-example-main\src\LocalDrive//SharePointRen.xlsx
31-10-2023 06:59:04 PM.
Failed to Move File/Folder C:\xampp\htdocs\sharepoint-sdk-example-main\src\LocalDrive/Home Help System Final (191707)ree.docx on Local Directory at: C:\xampp\htdocs\sharepoint-sdk-example-main\src\LocalDrive//Home Help System Final (191707)ree.docx
31-10-2023 07:02:16 PM.
Failed to Move File/Folder C:\xampp\htdocs\sharepoint-sdk-example-main\src\LocalDrive/10-11_July_VernabiltiesRename.xlsx on Local Directory at: C:\xampp\htdocs\sharepoint-sdk-example-main\src\LocalDrive//10-11_July_VernabiltiesRename.xlsx
31-10-2023 07:04:15 PM.
Failed to Move File/Folder C:\xampp\htdocs\sharepoint-sdk-example-main\src\LocalDrive/ on Local Directory at: C:\xampp\htdocs\sharepoint-sdk-example-main\src\LocalDrive/Book1.xlsx/LocalDrive
31-10-2023 07:07:29 PM.
Failed to Move File/Folder C:\xampp\htdocs\sharepoint-sdk-example-main\src\LocalDrive/ on Local Directory at: C:\xampp\htdocs\sharepoint-sdk-example-main\src\LocalDrive//LocalDrive
31-10-2023 07:20:27 PM.
Failed to Move File/Folder C:\xampp\htdocs\sharepoint-sdk-example-main\src\LocalDrive/Book1re.xlsx on Local Directory at: C:\xampp\htdocs\sharepoint-sdk-example-main\src\LocalDrive//Book1re.xlsx
31-10-2023 07:27:53 PM.
Failed to Move File/Folder C:\xampp\htdocs\sharepoint-sdk-example-main\src\LocalDrive//f1 on Local Directory at: C:\xampp\htdocs\sharepoint-sdk-example-main\src\LocalDrive//f1
31-10-2023 07:31:32 PM.
Local file/directory not found at: C:\xampp\htdocs\sharepoint-sdk-example-main\src\LocalDrive/folddertest34
31-10-2023 08:11:08 PM.
Item already exists at: C:\xampp\htdocs\sharepoint-sdk-example-main\src/../src/LocalDrive//asdf12
31-10-2023 08:27:03 PM.
Item already exists at: C:\xampp\htdocs\sharepoint-sdk-example-main\src/../src/LocalDrive//CS 7th Lec 1.pptx
31-10-2023 08:28:27 PM.
Item already exists at: C:\xampp\htdocs\sharepoint-sdk-example-main\src/../src/LocalDrive//asdf12
31-10-2023 08:28:27 PM.
Item already exists at: C:\xampp\htdocs\sharepoint-sdk-example-main\src/../src/LocalDrive//asdf12
31-10-2023 10:29:40 PM.
Item already exists at: C:\xampp\htdocs\sharepoint-sdk-example-main\src/../src/LocalDrive//asdf12/Lecture#1.pptx
31-10-2023 10:29:40 PM.
Item already exists at: C:\xampp\htdocs\sharepoint-sdk-example-main\src/../src/LocalDrive//asdf12
31-10-2023 11:00:24 PM.
Item already exists at: C:\xampp\htdocs\sharepoint-sdk-example-main\src/../src/LocalDrive//asdf12
31-10-2023 11:07:32 PM.
Item already exists at: C:\xampp\htdocs\sharepoint-sdk-example-main\src/../src/LocalDrive//asdf12/Book.xlsx
31-10-2023 11:07:35 PM.
Failed to Move File/Folder C:\xampp\htdocs\sharepoint-sdk-example-main\src\LocalDrive//asdf12/MovingBook12.xlsx on Local Directory at: C:\xampp\htdocs\sharepoint-sdk-example-main\src\LocalDrive//asdf12/MovingBook12.xlsx
31-10-2023 11:07:35 PM.
Item already exists at: C:\xampp\htdocs\sharepoint-sdk-example-main\src/../src/LocalDrive//MovingBook12.xlsx
31-10-2023 11:07:35 PM.
Item already exists at: C:\xampp\htdocs\sharepoint-sdk-example-main\src/../src/LocalDrive//asdf12
31-10-2023 11:08:22 PM.
Item already exists at: C:\xampp\htdocs\sharepoint-sdk-example-main\src/../src/LocalDrive//asdf12/BookRename.xlsx
31-10-2023 11:08:24 PM.
Failed to Move File/Folder C:\xampp\htdocs\sharepoint-sdk-example-main\src\LocalDrive//asdf12/Book.xlsx on Local Directory at: C:\xampp\htdocs\sharepoint-sdk-example-main\src\LocalDrive//asdf12/Book.xlsx
31-10-2023 11:08:24 PM.
Item already exists at: C:\xampp\htdocs\sharepoint-sdk-example-main\src/../src/LocalDrive//asdf12
31-10-2023 11:09:49 PM.
Item already exists at: C:\xampp\htdocs\sharepoint-sdk-example-main\src/../src/LocalDrive//Android Games Development.pdf
31-10-2023 11:22:58 PM.
Item already exists at: C:\xampp\htdocs\sharepoint-sdk-example-main\src/../src/LocalDrive//asdf12
31-10-2023 11:40:29 PM.
Local file/directory not found at: C:\xampp\htdocs\sharepoint-sdk-example-main\src\LocalDrive/f1red
31-10-2023 11:40:29 PM.
Item already exists at: C:\xampp\htdocs\sharepoint-sdk-example-main\src/../src/LocalDrive//Wordtest12.docx
31-10-2023 11:40:29 PM.
Item already exists at: C:\xampp\htdocs\sharepoint-sdk-example-main\src/../src/LocalDrive//Book2test34.xlsx
31-10-2023 11:40:29 PM.
Item already exists at: C:\xampp\htdocs\sharepoint-sdk-example-main\src/../src/LocalDrive//Presentationtest23.pptx
31-10-2023 11:40:29 PM.
Failed to Move File/Folder C:\xampp\htdocs\sharepoint-sdk-example-main\src\LocalDrive//foldertest12Reenam on Local Directory at: C:\xampp\htdocs\sharepoint-sdk-example-main\src\LocalDrive//foldertest12Reenam
31-10-2023 11:40:29 PM.
Failed to Move File/Folder C:\xampp\htdocs\sharepoint-sdk-example-main\src\LocalDrive// on Local Directory at: C:\xampp\htdocs\sharepoint-sdk-example-main\src\LocalDrive//LocalDrive
31-10-2023 11:40:29 PM.
Failed to Move File/Folder C:\xampp\htdocs\sharepoint-sdk-example-main\src\LocalDrive// on Local Directory at: C:\xampp\htdocs\sharepoint-sdk-example-main\src\LocalDrive//LocalDrive
31-10-2023 11:40:29 PM.
Failed to Move File/Folder C:\xampp\htdocs\sharepoint-sdk-example-main\src\LocalDrive// on Local Directory at: C:\xampp\htdocs\sharepoint-sdk-example-main\src\LocalDrive//LocalDrive
31-10-2023 11:40:29 PM.
Failed to Move File/Folder C:\xampp\htdocs\sharepoint-sdk-example-main\src\LocalDrive// on Local Directory at: C:\xampp\htdocs\sharepoint-sdk-example-main\src\LocalDrive//LocalDrive
31-10-2023 11:40:29 PM.
Failed to Move File/Folder C:\xampp\htdocs\sharepoint-sdk-example-main\src\LocalDrive// on Local Directory at: C:\xampp\htdocs\sharepoint-sdk-example-main\src\LocalDrive//LocalDrive
31-10-2023 11:40:29 PM.
Failed to Move File/Folder C:\xampp\htdocs\sharepoint-sdk-example-main\src\LocalDrive// on Local Directory at: C:\xampp\htdocs\sharepoint-sdk-example-main\src\LocalDrive//LocalDrive
31-10-2023 11:40:29 PM.
Failed to Move File/Folder C:\xampp\htdocs\sharepoint-sdk-example-main\src\LocalDrive// on Local Directory at: C:\xampp\htdocs\sharepoint-sdk-example-main\src\LocalDrive//LocalDrive
31-10-2023 11:40:30 PM.
Failed to Move File/Folder C:\xampp\htdocs\sharepoint-sdk-example-main\src\LocalDrive// on Local Directory at: C:\xampp\htdocs\sharepoint-sdk-example-main\src\LocalDrive//LocalDrive
31-10-2023 11:40:30 PM.
Failed to Move File/Folder C:\xampp\htdocs\sharepoint-sdk-example-main\src\LocalDrive// on Local Directory at: C:\xampp\htdocs\sharepoint-sdk-example-main\src\LocalDrive//LocalDrive
31-10-2023 11:40:30 PM.
Failed to Move File/Folder C:\xampp\htdocs\sharepoint-sdk-example-main\src\LocalDrive// on Local Directory at: C:\xampp\htdocs\sharepoint-sdk-example-main\src\LocalDrive//LocalDrive
31-10-2023 11:40:30 PM.
Item already exists at: C:\xampp\htdocs\sharepoint-sdk-example-main\src/../src/LocalDrive//asdf12
31-10-2023 11:43:53 PM.
Item already exists at: C:\xampp\htdocs\sharepoint-sdk-example-main\src/../src/LocalDrive//asdf12/ftest23
31-10-2023 11:43:53 PM.
Item already exists at: C:\xampp\htdocs\sharepoint-sdk-example-main\src/../src/LocalDrive//asdf12/ftest23/ftest56
31-10-2023 11:43:53 PM.
Failed to Move File/Folder C:\xampp\htdocs\sharepoint-sdk-example-main\src\LocalDrive// on Local Directory at: C:\xampp\htdocs\sharepoint-sdk-example-main\src\LocalDrive//asdf12/ftest23/ftest56/LocalDrive
31-10-2023 11:43:58 PM.
Error: cURL error 28: Failed to connect to graph.microsoft.com port 443: Timed out (see https://curl.haxx.se/libcurl/c/libcurl-errors.html) for https://graph.microsoft.com/v1.0/drives/b!A1_K8Zkwa0ikSugI16DH_QsyIfJNq29CitDnlep5wSHMwdDaHNGUT4EBC7A1ches/root/delta(token='NDslMjM0OyUyMzE7MztkYWQwYzFjYy1kMTFjLTRmOTQtODEwMS0wYmIwMzU3MjE3YWM7NjM4MzQzNzQ2Mzc1MTAwMDAwOzIxMjgwNjAxMDslMjM7JTIzOyUyMzA7JTIz')31-10-2023 11:52:02 PM.
Item already exists at: C:\xampp\htdocs\sharepoint-sdk-example-main\src/../src/LocalDrive//Presentationtest23.pptx
31-10-2023 11:52:35 PM.
Item already exists at: C:\xampp\htdocs\sharepoint-sdk-example-main\src/../src/LocalDrive//asdf12
31-10-2023 11:52:35 PM.
Item already exists at: C:\xampp\htdocs\sharepoint-sdk-example-main\src/../src/LocalDrive//asdf12/ftest23
31-10-2023 11:52:35 PM.
Item already exists at: C:\xampp\htdocs\sharepoint-sdk-example-main\src/../src/LocalDrive//asdf12/ftest23/ftest56
31-10-2023 11:52:35 PM.
Item already exists at: C:\xampp\htdocs\sharepoint-sdk-example-main\src/../src/LocalDrive//asdf12
31-10-2023 11:55:33 PM.
Item already exists at: C:\xampp\htdocs\sharepoint-sdk-example-main\src/../src/LocalDrive//asdf12/ftest23
31-10-2023 11:55:33 PM.
Item already exists at: C:\xampp\htdocs\sharepoint-sdk-example-main\src/../src/LocalDrive//asdf12/ftest23/ftest56
31-10-2023 11:55:33 PM.
Failed to Move File/Folder C:\xampp\htdocs\sharepoint-sdk-example-main\src\LocalDrive// on Local Directory at: C:\xampp\htdocs\sharepoint-sdk-example-main\src\LocalDrive//asdf12/ftest23/ftest56/LocalDrive
31-10-2023 11:55:37 PM.
Failed to Move File/Folder C:\xampp\htdocs\sharepoint-sdk-example-main\src\LocalDrive// on Local Directory at: C:\xampp\htdocs\sharepoint-sdk-example-main\src\LocalDrive//LocalDrive
31-10-2023 11:57:28 PM.
Item already exists at: C:\xampp\htdocs\sharepoint-sdk-example-main\src/../src/LocalDrive//Report.docx
31-10-2023 11:58:42 PM.
Error: cURL error 28: Operation timed out after 30011 milliseconds with 26987 out of 246905 bytes received (see https://curl.haxx.se/libcurl/c/libcurl-errors.html) for https://5jd7y6.sharepoint.com/sites/SPFX3/_layouts/15/download.aspx?UniqueId=026995fe-394b-4cd5-b8c5-49817f7c12b0&Translate=false&tempauth=eyJ0eXAiOiJKV1QiLCJhbGciOiJIUzI1NiJ9.eyJhdWQiOiIwMDAwMDAwMy0wMDAwLTBmZjEtY2UwMC0wMDAwMDAwMDAwMDAvNWpkN3k2LnNoYXJlcG9pbnQuY29tQDFhMTdmYjkzLWI5ZTgtNDMzZC05NDE4LTU2NDU1ZWE1NTczYSIsImlzcyI6IjAwMDAwMDAzLTAwMDAtMGZmMS1jZTAwLTAwMDAwMDAwMDAwMCIsIm5iZiI6IjE2OTg4NDcxOTYiLCJleHAiOiIxNjk4ODUwNzk2IiwiZW5kcG9pbnR1cmwiOiJuTTdJS01qYU1kVXdCTjJYYUh3am9QVlZGTjBrWjlGNVRMK0gxSUNMb2pjPSIsImVuZHBvaW50dXJsTGVuZ3RoIjoiMTI5IiwiaXNsb29wYmFjayI6IlRydWUiLCJjaWQiOiJ0N2dzbmo0ODhVZTZnTHdTNm9MR2RRPT0iLCJ2ZXIiOiJoYXNoZWRwcm9vZnRva2VuIiwic2l0ZWlkIjoiWmpGallUVm1NRE10TXpBNU9TMDBPRFppTFdFME5HRXRaVGd3T0dRM1lUQmpOMlprIiwiYXBwX2Rpc3BsYXluYW1lIjoiVGFnTXlEb2MiLCJuYW1laWQiOiJhMWIyNTljYS0yMmJjLTRkODAtOTlmNS1hMzJiNmEzY2M0MGNAMWExN2ZiOTMtYjllOC00MzNkLTk0MTgtNTY0NTVlYTU1NzNhIiwicm9sZXMiOiJzZWxlY3RlZHNpdGVzIGFsbHNpdGVzLnJlYWQgYWxsc2l0ZXMud3JpdGUgYWxsc2l0ZXMubWFuYWdlIGFsbHNpdGVzLmZ1bGxjb250cm9sIiwidHQiOiIxIiwiaXBhZGRyIjoiNDAuMTI2LjM1Ljg4In0.XIhKFPP6hd_G9HwAkHhAv6njNazlTd0B1ddPaDZkyTY&ApiVersion=2.001-11-2023 07:00:27 PM.
Item already exists at: C:\xampp\htdocs\sharepoint-sdk-example-main\src/../src/LocalDrive//Document.docx
01-11-2023 07:09:50 PM.
Failed to Move File/Folder C:\xampp\htdocs\sharepoint-sdk-example-main\src\LocalDrive// on Local Directory at: C:\xampp\htdocs\sharepoint-sdk-example-main\src\LocalDrive//LocalDrive
01-11-2023 07:09:50 PM.
Failed to Move File/Folder C:\xampp\htdocs\sharepoint-sdk-example-main\src\LocalDrive// on Local Directory at: C:\xampp\htdocs\sharepoint-sdk-example-main\src\LocalDrive//LocalDrive
01-11-2023 07:11:58 PM.
Item already exists at: C:\xampp\htdocs\sharepoint-sdk-example-main\src/../src/LocalDrive//SharePoint.xlsx
01-11-2023 07:13:18 PM.
Item already exists at: C:\xampp\htdocs\sharepoint-sdk-example-main\src/../src/LocalDrive//Document.docx
01-11-2023 07:20:42 PM.
Item already exists at: C:\xampp\htdocs\sharepoint-sdk-example-main\src/../src/LocalDrive//DeltaBYTokenRena.txt
01-11-2023 07:28:16 PM.
Failed to Move File/Folder C:\xampp\htdocs\sharepoint-sdk-example-main\src\LocalDrive//DeltaBYToken.txt on Local Directory at: C:\xampp\htdocs\sharepoint-sdk-example-main\src\LocalDrive//DeltaBYToken.txt
01-11-2023 07:28:16 PM.
Item already exists at: C:\xampp\htdocs\sharepoint-sdk-example-main\src/../src/LocalDrive//Document.docx
01-11-2023 07:28:51 PM.
Item already exists at: C:\xampp\htdocs\sharepoint-sdk-example-main\src/../src/LocalDrive//DeltaBYTokenRena.txt
01-11-2023 07:28:51 PM.
Item already exists at: C:\xampp\htdocs\sharepoint-sdk-example-main\src/../src/LocalDrive//Document.docx
01-11-2023 07:29:39 PM.
Item already exists at: C:\xampp\htdocs\sharepoint-sdk-example-main\src/../src/LocalDrive//Documentren.docx
01-11-2023 07:31:08 PM.
Item already exists at: C:\xampp\htdocs\sharepoint-sdk-example-main\src/../src/LocalDrive//Document1.docx
01-11-2023 07:31:08 PM.
Failed to Move File/Folder C:\xampp\htdocs\sharepoint-sdk-example-main\src\LocalDrive//Document.docx on Local Directory at: C:\xampp\htdocs\sharepoint-sdk-example-main\src\LocalDrive//Document.docx
01-11-2023 07:31:08 PM.
Failed to Move File/Folder C:\xampp\htdocs\sharepoint-sdk-example-main\src\LocalDrive//Document.docx on Local Directory at: C:\xampp\htdocs\sharepoint-sdk-example-main\src\LocalDrive//Document.docx
01-11-2023 07:31:08 PM.
Error: cURL error 28: Operation timed out after 30009 milliseconds with 9546097 out of 13231131 bytes received (see https://curl.haxx.se/libcurl/c/libcurl-errors.html) for https://5jd7y6.sharepoint.com/sites/SPFX3/_layouts/15/download.aspx?UniqueId=114925ec-761b-440c-b489-88fac7a14592&Translate=false&tempauth=eyJ0eXAiOiJKV1QiLCJhbGciOiJIUzI1NiJ9.eyJhdWQiOiIwMDAwMDAwMy0wMDAwLTBmZjEtY2UwMC0wMDAwMDAwMDAwMDAvNWpkN3k2LnNoYXJlcG9pbnQuY29tQDFhMTdmYjkzLWI5ZTgtNDMzZC05NDE4LTU2NDU1ZWE1NTczYSIsImlzcyI6IjAwMDAwMDAzLTAwMDAtMGZmMS1jZTAwLTAwMDAwMDAwMDAwMCIsIm5iZiI6IjE2OTg4NDk0NTciLCJleHAiOiIxNjk4ODUzMDU3IiwiZW5kcG9pbnR1cmwiOiJoQVVTNWtsZlhPUWFxSUtOTUdzcU5vUWNKMXFKdy9idTJvOGJNZjJDYnRzPSIsImVuZHBvaW50dXJsTGVuZ3RoIjoiMTI5IiwiaXNsb29wYmFjayI6IlRydWUiLCJjaWQiOiJCT1MveXdBb3FVbXVtWTF6K3J1S0VnPT0iLCJ2ZXIiOiJoYXNoZWRwcm9vZnRva2VuIiwic2l0ZWlkIjoiWmpGallUVm1NRE10TXpBNU9TMDBPRFppTFdFME5HRXRaVGd3T0dRM1lUQmpOMlprIiwiYXBwX2Rpc3BsYXluYW1lIjoiVGFnTXlEb2MiLCJuYW1laWQiOiJhMWIyNTljYS0yMmJjLTRkODAtOTlmNS1hMzJiNmEzY2M0MGNAMWExN2ZiOTMtYjllOC00MzNkLTk0MTgtNTY0NTVlYTU1NzNhIiwicm9sZXMiOiJzZWxlY3RlZHNpdGVzIGFsbHNpdGVzLnJlYWQgYWxsc2l0ZXMud3JpdGUgYWxsc2l0ZXMubWFuYWdlIGFsbHNpdGVzLmZ1bGxjb250cm9sIiwidHQiOiIxIiwiaXBhZGRyIjoiMjAuMTkwLjE0NS4xNjkifQ.dMlKeyZQjWoVsJKFtLTtjLiULdbKPiLA5x9_As0LbMw&ApiVersion=2.001-11-2023 07:38:08 PM.
Item already exists at: C:\xampp\htdocs\sharepoint-sdk-example-main\src/../src/LocalDrive//Document.docx
01-11-2023 07:38:22 PM.
Item already exists at: C:\xampp\htdocs\sharepoint-sdk-example-main\src/../src/LocalDrive//Book.xlsx
01-11-2023 07:38:22 PM.
Item already exists at: C:\xampp\htdocs\sharepoint-sdk-example-main\src/../src/LocalDrive//Presentation.pptx
01-11-2023 07:38:22 PM.
Failed to Move File/Folder C:\xampp\htdocs\sharepoint-sdk-example-main\src\LocalDrive//New%20folder/Document1.docx on Local Directory at: C:\xampp\htdocs\sharepoint-sdk-example-main\src\LocalDrive//Document1.docx
01-11-2023 07:38:22 PM.
Failed to Move File/Folder C:\xampp\htdocs\sharepoint-sdk-example-main\src\LocalDrive/ on Local Directory at: C:\xampp\htdocs\sharepoint-sdk-example-main\src\LocalDrive//LocalDrive
01-11-2023 07:38:22 PM.
Failed to Move File/Folder C:\xampp\htdocs\sharepoint-sdk-example-main\src\LocalDrive//New%20folder/Document1.docx on Local Directory at: C:\xampp\htdocs\sharepoint-sdk-example-main\src\LocalDrive//Document1.docx
01-11-2023 07:38:22 PM.
Failed to Move File/Folder C:\xampp\htdocs\sharepoint-sdk-example-main\src\LocalDrive/ on Local Directory at: C:\xampp\htdocs\sharepoint-sdk-example-main\src\LocalDrive//LocalDrive
01-11-2023 07:38:22 PM.
Failed to Move File/Folder C:\xampp\htdocs\sharepoint-sdk-example-main\src\LocalDrive//New%20folder/Document1.docx on Local Directory at: C:\xampp\htdocs\sharepoint-sdk-example-main\src\LocalDrive//Document1.docx
01-11-2023 07:38:22 PM.
Failed to Move File/Folder C:\xampp\htdocs\sharepoint-sdk-example-main\src\LocalDrive/ on Local Directory at: C:\xampp\htdocs\sharepoint-sdk-example-main\src\LocalDrive//LocalDrive
01-11-2023 07:38:22 PM.
Failed to Move File/Folder C:\xampp\htdocs\sharepoint-sdk-example-main\src\LocalDrive//New%20folder/Document1.docx on Local Directory at: C:\xampp\htdocs\sharepoint-sdk-example-main\src\LocalDrive//Document1.docx
01-11-2023 07:38:22 PM.
Failed to Move File/Folder C:\xampp\htdocs\sharepoint-sdk-example-main\src\LocalDrive//New%20folder/Document1.docx on Local Directory at: C:\xampp\htdocs\sharepoint-sdk-example-main\src\LocalDrive//Document1.docx
01-11-2023 07:38:22 PM.
Failed to Move File/Folder C:\xampp\htdocs\sharepoint-sdk-example-main\src\LocalDrive//New%20folder/Document1.docx on Local Directory at: C:\xampp\htdocs\sharepoint-sdk-example-main\src\LocalDrive//Document1.docx
01-11-2023 07:38:22 PM.
Failed to Move File/Folder C:\xampp\htdocs\sharepoint-sdk-example-main\src\LocalDrive//New%20folder/Document1.docx on Local Directory at: C:\xampp\htdocs\sharepoint-sdk-example-main\src\LocalDrive//Document1.docx
01-11-2023 07:38:22 PM.
Failed to Move File/Folder C:\xampp\htdocs\sharepoint-sdk-example-main\src\LocalDrive//New%20folder/Document1.docx on Local Directory at: C:\xampp\htdocs\sharepoint-sdk-example-main\src\LocalDrive//Document1.docx
01-11-2023 07:38:22 PM.
Failed to Move File/Folder C:\xampp\htdocs\sharepoint-sdk-example-main\src\LocalDrive//New%20folder/Document1.docx on Local Directory at: C:\xampp\htdocs\sharepoint-sdk-example-main\src\LocalDrive//Document1.docx
01-11-2023 07:38:22 PM.
Item already exists at: C:\xampp\htdocs\sharepoint-sdk-example-main\src/../src/LocalDrive//3ren.docx
01-11-2023 07:39:11 PM.
Failed to Move File/Folder C:\xampp\htdocs\sharepoint-sdk-example-main\src\LocalDrive//3.docx on Local Directory at: C:\xampp\htdocs\sharepoint-sdk-example-main\src\LocalDrive//3.docx
01-11-2023 07:39:11 PM.
Item already exists at: C:\xampp\htdocs\sharepoint-sdk-example-main\src/../src/LocalDrive//Documentren.docx
01-11-2023 07:53:05 PM.
Item already exists at: C:\xampp\htdocs\sharepoint-sdk-example-main\src/../src/LocalDrive//New folder
01-11-2023 07:53:05 PM.
Item already exists at: C:\xampp\htdocs\sharepoint-sdk-example-main\src/../src/LocalDrive//Document2.docx
01-11-2023 07:54:19 PM.
Failed to Move File/Folder C:\xampp\htdocs\sharepoint-sdk-example-main\src\LocalDrive//New%20folder/3ren.docx on Local Directory at: C:\xampp\htdocs\sharepoint-sdk-example-main\src\LocalDrive//3ren.docx
01-11-2023 07:54:19 PM.
Failed to Move File/Folder C:\xampp\htdocs\sharepoint-sdk-example-main\src\LocalDrive// on Local Directory at: C:\xampp\htdocs\sharepoint-sdk-example-main\src\LocalDrive//LocalDrive
01-11-2023 07:58:26 PM.
Failed to Move File/Folder C:\xampp\htdocs\sharepoint-sdk-example-main\src\LocalDrive// on Local Directory at: C:\xampp\htdocs\sharepoint-sdk-example-main\src\LocalDrive//LocalDrive
01-11-2023 08:04:37 PM.
Item already exists at: C:\xampp\htdocs\sharepoint-sdk-example-main\src/../src/LocalDrive//New folder
01-11-2023 08:23:24 PM.
Item already exists at: C:\xampp\htdocs\sharepoint-sdk-example-main\src/../src/LocalDrive//Document3.docx
01-11-2023 08:23:26 PM.
Failed to Move File/Folder C:\xampp\htdocs\sharepoint-sdk-example-main\src/../src/LocalDrive// on Local Directory at: C:\xampp\htdocs\sharepoint-sdk-example-main\src/../src/LocalDrive//LocalDrive
01-11-2023 08:23:28 PM.
Failed to Move File/Folder C:\xampp\htdocs\sharepoint-sdk-example-main\src/../src/LocalDrive/ on Local Directory at: C:\xampp\htdocs\sharepoint-sdk-example-main\src/../src/LocalDrive//LocalDrive
01-11-2023 08:23:28 PM.
Failed to Move File/Folder C:\xampp\htdocs\sharepoint-sdk-example-main\src/../src/LocalDrive// on Local Directory at: C:\xampp\htdocs\sharepoint-sdk-example-main\src/../src/LocalDrive//LocalDrive
01-11-2023 08:23:28 PM.
