Folder created successfully at: C:\xampp\htdocs\sharepoint-sdk-example-main\src/../src/LocalDrive/testfolder
2023-10-09 11:13:15.
Folder created successfully at: C:\xampp\htdocs\sharepoint-sdk-example-main\src/../src/LocalDrive/folderforlog
2023-10-09 11:20:20.
Folder created successfully at: C:\xampp\htdocs\sharepoint-sdk-example-main\src/../src/LocalDrive/folder_for_log_3
2023-10-09 14:34:37.
Folder created successfully at: C:\xampp\htdocs\sharepoint-sdk-example-main\src/../src/LocalDrive/folder_for_log_4
2023-10-09 14:35:25.
File created successfully at: C:\xampp\htdocs\sharepoint-sdk-example-main\src/../src/LocalDrive/file_for_log_1.txt
2023-10-09 14:36:54.
Local Item Deleted Successfully at: C:\xampp\htdocs\sharepoint-sdk-example-main\src/../src/LocalDrive/Function_Testing9.txt
2023-10-09 19:17:11.
Local file/directory updated successfully: C:\xampp\htdocs\sharepoint-sdk-example-main\src\LocalDrive/folderfolder2_rename
2023-10-09 19:20:24.
Local Item Deleted Successfully at: C:\xampp\htdocs\sharepoint-sdk-example-main\src/../src/LocalDrive/Function_Testing27
2023-10-09 19:44:11.
Local Item Deleted Successfully at: C:\xampp\htdocs\sharepoint-sdk-example-main\src/../src/LocalDrive/Function_Testing26
2023-10-09 19:50:18.
Local Item Deleted Successfully at: C:\xampp\htdocs\sharepoint-sdk-example-main\src/../src/LocalDrive/Function_Testing30
2023-10-09 19:50:18.
Local file/directory updated successfully: C:\xampp\htdocs\sharepoint-sdk-example-main\src\LocalDrive/folderfolder2
2023-10-09 19:58:01.
Local file/directory updated successfully: C:\xampp\htdocs\sharepoint-sdk-example-main\src\LocalDrive/testing.txt
2023-10-09 19:58:01.
File created successfully at: C:\xampp\htdocs\sharepoint-sdk-example-main\src/../src/LocalDrive/testing_rename.txt
2023-10-09 20:07:40.
Folder created successfully at: C:\xampp\htdocs\sharepoint-sdk-example-main\src/../src/LocalDrive/fff12
2023-10-09 20:07:41.
Folder created successfully at: C:\xampp\htdocs\sharepoint-sdk-example-main\src/../src/LocalDrive/fff12/fff45
2023-10-09 20:07:42.
File created successfully at: C:\xampp\htdocs\sharepoint-sdk-example-main\src/../src/LocalDrive/fff12/fff45/fff2345.txt
2023-10-09 20:07:43.
Folder created successfully at: C:\xampp\htdocs\sharepoint-sdk-example-main\src/../src/LocalDrive/fff45
2023-10-09 20:07:44.
File created successfully at: C:\xampp\htdocs\sharepoint-sdk-example-main\src/../src/LocalDrive/fff45/fff2345.txt
2023-10-09 20:07:46.
File created successfully at: C:\xampp\htdocs\sharepoint-sdk-example-main\src/../src/LocalDrive/fff2345.txt
2023-10-09 20:07:47.
Local file/directory updated successfully: C:\xampp\htdocs\sharepoint-sdk-example-main\src\LocalDrive/testing_rename.txt
2023-10-09 20:07:47.
Local Item Deleted Successfully at: C:\xampp\htdocs\sharepoint-sdk-example-main\src/../src/LocalDrive/folderfolder2
2023-10-09 20:07:47.
